[13:36:56] [ServerMain/INFO]: Environment: Environment[sessionHost=https://sessionserver.mojang.com, servicesHost=https://api.minecraftservices.com, name=PROD]
[13:37:00] [ServerMain/INFO]: Loaded 1174 recipes
[13:37:01] [ServerMain/INFO]: Loaded 1271 advancements
[13:37:02] [Server thread/INFO]: Starting minecraft server version 1.20.4
[13:37:02] [Server thread/INFO]: Loading properties
[13:37:02] [Server thread/INFO]: This server is running Paper version git-Paper-497 (MC: 1.20.4) (Implementing API version 1.20.4-R0.1-SNAPSHOT) (Git: d8d54d9 on ver/1.20.4)
[13:37:04] [Server thread/INFO]: Server Ping Player Sample Count: 12
[13:37:04] [Server thread/INFO]: Using 4 threads for Netty based IO
[13:37:05] [Server thread/WARN]: [!] The timings profiler has been enabled but has been scheduled for removal from Paper in the future.
    We recommend installing the spark profiler as a replacement: https://spark.lucko.me/
    For more information please visit: https://github.com/PaperMC/Paper/issues/8948
[13:37:05] [Server thread/INFO]: [ChunkTaskScheduler] Chunk system is using 1 I/O threads, 1 worker threads, and gen parallelism of 1 threads
[13:37:06] [Server thread/INFO]: Default game type: SURVIVAL
[13:37:06] [Server thread/INFO]: Generating keypair
[13:37:07] [Server thread/INFO]: Starting Minecraft server on *:25565
[13:37:07] [Server thread/INFO]: Using epoll channel type
[13:37:07] [Server thread/INFO]: Paper: Using libdeflate (Linux x86_64) compression from Velocity.
[13:37:07] [Server thread/INFO]: Paper: Using OpenSSL 1.1.x (Linux x86_64) cipher from Velocity.
[13:37:07] [Server thread/INFO]: [SpigotLibraryLoader] [MythicMobs] Loading 4 libraries... please wait
[13:37:09] [Server thread/INFO]: [SpigotLibraryLoader] [MythicMobs] Loaded library /workspaces/PeuebaPlugins/servidor_minecraft/libraries/net/kyori/adventure-api/4.16.0/adventure-api-4.16.0.jar
[13:37:09] [Server thread/INFO]: [SpigotLibraryLoader] [MythicMobs] Loaded library /workspaces/PeuebaPlugins/servidor_minecraft/libraries/net/kyori/adventure-key/4.16.0/adventure-key-4.16.0.jar
[13:37:09] [Server thread/INFO]: [SpigotLibraryLoader] [MythicMobs] Loaded library /workspaces/PeuebaPlugins/servidor_minecraft/libraries/net/kyori/examination-api/1.3.0/examination-api-1.3.0.jar
[13:37:09] [Server thread/INFO]: [SpigotLibraryLoader] [MythicMobs] Loaded library /workspaces/PeuebaPlugins/servidor_minecraft/libraries/net/kyori/examination-string/1.3.0/examination-string-1.3.0.jar
[13:37:09] [Server thread/INFO]: [SpigotLibraryLoader] [MythicMobs] Loaded library /workspaces/PeuebaPlugins/servidor_minecraft/libraries/org/jetbrains/annotations/24.1.0/annotations-24.1.0.jar
[13:37:09] [Server thread/INFO]: [SpigotLibraryLoader] [MythicMobs] Loaded library /workspaces/PeuebaPlugins/servidor_minecraft/libraries/net/kyori/adventure-platform-bukkit/4.3.2/adventure-platform-bukkit-4.3.2.jar
[13:37:09] [Server thread/INFO]: [SpigotLibraryLoader] [MythicMobs] Loaded library /workspaces/PeuebaPlugins/servidor_minecraft/libraries/net/kyori/adventure-platform-api/4.3.2/adventure-platform-api-4.3.2.jar
[13:37:09] [Server thread/INFO]: [SpigotLibraryLoader] [MythicMobs] Loaded library /workspaces/PeuebaPlugins/servidor_minecraft/libraries/net/kyori/adventure-text-serializer-bungeecord/4.3.2/adventure-text-serializer-bungeecord-4.3.2.jar
[13:37:09] [Server thread/INFO]: [SpigotLibraryLoader] [MythicMobs] Loaded library /workspaces/PeuebaPlugins/servidor_minecraft/libraries/net/kyori/adventure-text-serializer-legacy/4.13.1/adventure-text-serializer-legacy-4.13.1.jar
[13:37:09] [Server thread/INFO]: [SpigotLibraryLoader] [MythicMobs] Loaded library /workspaces/PeuebaPlugins/servidor_minecraft/libraries/net/kyori/adventure-nbt/4.13.1/adventure-nbt-4.13.1.jar
[13:37:09] [Server thread/INFO]: [SpigotLibraryLoader] [MythicMobs] Loaded library /workspaces/PeuebaPlugins/servidor_minecraft/libraries/net/kyori/adventure-text-serializer-gson-legacy-impl/4.13.1/adventure-text-serializer-gson-legacy-impl-4.13.1.jar
[13:37:09] [Server thread/INFO]: [SpigotLibraryLoader] [MythicMobs] Loaded library /workspaces/PeuebaPlugins/servidor_minecraft/libraries/net/kyori/adventure-platform-facet/4.3.2/adventure-platform-facet-4.3.2.jar
[13:37:09] [Server thread/INFO]: [SpigotLibraryLoader] [MythicMobs] Loaded library /workspaces/PeuebaPlugins/servidor_minecraft/libraries/net/kyori/adventure-platform-viaversion/4.3.2/adventure-platform-viaversion-4.3.2.jar
[13:37:09] [Server thread/INFO]: [SpigotLibraryLoader] [MythicMobs] Loaded library /workspaces/PeuebaPlugins/servidor_minecraft/libraries/net/kyori/adventure-text-minimessage/4.16.0/adventure-text-minimessage-4.16.0.jar
[13:37:09] [Server thread/INFO]: [SpigotLibraryLoader] [MythicMobs] Loaded library /workspaces/PeuebaPlugins/servidor_minecraft/libraries/net/kyori/adventure-text-serializer-gson/4.16.0/adventure-text-serializer-gson-4.16.0.jar
[13:37:09] [Server thread/INFO]: [SpigotLibraryLoader] [MythicMobs] Loaded library /workspaces/PeuebaPlugins/servidor_minecraft/libraries/net/kyori/adventure-text-serializer-json/4.16.0/adventure-text-serializer-json-4.16.0.jar
[13:37:09] [Server thread/INFO]: [SpigotLibraryLoader] [MythicMobs] Loaded library /workspaces/PeuebaPlugins/servidor_minecraft/libraries/net/kyori/option/1.0.0/option-1.0.0.jar
[13:37:09] [Server thread/INFO]: [SpigotLibraryLoader] [MythicMobs] Loaded library /workspaces/PeuebaPlugins/servidor_minecraft/libraries/com/google/code/gson/gson/2.8.0/gson-2.8.0.jar
[13:37:10] [Server thread/INFO]: [SpigotLibraryLoader] [ModelEngine] Loading 3 libraries... please wait
[13:37:10] [Server thread/INFO]: [SpigotLibraryLoader] [ModelEngine] Loaded library /workspaces/PeuebaPlugins/servidor_minecraft/libraries/net/kyori/adventure-api/4.14.0/adventure-api-4.14.0.jar
[13:37:10] [Server thread/INFO]: [SpigotLibraryLoader] [ModelEngine] Loaded library /workspaces/PeuebaPlugins/servidor_minecraft/libraries/net/kyori/adventure-key/4.14.0/adventure-key-4.14.0.jar
[13:37:10] [Server thread/INFO]: [SpigotLibraryLoader] [ModelEngine] Loaded library /workspaces/PeuebaPlugins/servidor_minecraft/libraries/net/kyori/examination-api/1.3.0/examination-api-1.3.0.jar
[13:37:10] [Server thread/INFO]: [SpigotLibraryLoader] [ModelEngine] Loaded library /workspaces/PeuebaPlugins/servidor_minecraft/libraries/net/kyori/examination-string/1.3.0/examination-string-1.3.0.jar
[13:37:10] [Server thread/INFO]: [SpigotLibraryLoader] [ModelEngine] Loaded library /workspaces/PeuebaPlugins/servidor_minecraft/libraries/org/jetbrains/annotations/24.0.1/annotations-24.0.1.jar
[13:37:10] [Server thread/INFO]: [SpigotLibraryLoader] [ModelEngine] Loaded library /workspaces/PeuebaPlugins/servidor_minecraft/libraries/net/kyori/adventure-text-serializer-gson/4.14.0/adventure-text-serializer-gson-4.14.0.jar
[13:37:10] [Server thread/INFO]: [SpigotLibraryLoader] [ModelEngine] Loaded library /workspaces/PeuebaPlugins/servidor_minecraft/libraries/net/kyori/adventure-text-serializer-json/4.14.0/adventure-text-serializer-json-4.14.0.jar
[13:37:10] [Server thread/INFO]: [SpigotLibraryLoader] [ModelEngine] Loaded library /workspaces/PeuebaPlugins/servidor_minecraft/libraries/com/google/code/gson/gson/2.8.0/gson-2.8.0.jar
[13:37:10] [Server thread/INFO]: [SpigotLibraryLoader] [ModelEngine] Loaded library /workspaces/PeuebaPlugins/servidor_minecraft/libraries/net/kyori/adventure-text-serializer-bungeecord/4.3.0/adventure-text-serializer-bungeecord-4.3.0.jar
[13:37:10] [Server thread/INFO]: [SpigotLibraryLoader] [ModelEngine] Loaded library /workspaces/PeuebaPlugins/servidor_minecraft/libraries/net/kyori/adventure-text-serializer-legacy/4.13.0/adventure-text-serializer-legacy-4.13.0.jar
[13:37:10] [Server thread/INFO]: [MythicMobs] Loading server plugin MythicMobs v5.7.2-${CI_COMMIT_SHORT_SHA}
[13:37:10] [Server thread/INFO]: [LumineUtils] (io.lumine.mythic.bukkit.utils.) is bound to plugin MythicMobs - io.lumine.mythic.bukkit.MythicBukkit
[13:37:10] [Server thread/INFO]: [MythicMobs] §x§f§f§0§0§0§0M§x§f§f§6§6§0§0y§x§f§f§c§c§0§0t§x§c§b§f§f§0§0h§x§6§5§f§f§0§0i§x§0§0§f§f§0§0c§x§0§0§f§f§6§6 §x§0§0§f§f§c§bE§x§0§0§c§b§f§fn§x§0§0§6§5§f§fa§x§0§0§0§0§f§fb§x§6§6§0§0§f§fl§x§c§c§0§0§f§fe§x§f§f§0§0§c§cd§x§f§f§0§0§6§6!
[13:37:10] [Server thread/INFO]: [ModelEngine] Loading server plugin ModelEngine vR4.0.7
[13:37:10] [Server thread/INFO]: Server permissions file permissions.yml is empty, ignoring it
[13:37:10] [Server thread/INFO]: [ModelEngine] Enabling ModelEngine vR4.0.7
[13:37:10] [Server thread/WARN]: **** SERVER IS RUNNING IN OFFLINE/INSECURE MODE!
[13:37:10] [Server thread/WARN]: The server will make no attempt to authenticate usernames. Beware.
[13:37:10] [Server thread/WARN]: While this makes the game possible to play without internet access, it also opens up the ability for hackers to connect with any username they choose.
[13:37:10] [Server thread/WARN]: To change this, set "online-mode" to "true" in the server.properties file.
[13:37:10] [Server thread/INFO]: Preparing level "world"
[13:37:13] [Server thread/INFO]: Preparing start region for dimension minecraft:overworld
[13:37:14] [Server thread/INFO]: Time elapsed: 886 ms
[13:37:14] [Server thread/INFO]: Preparing start region for dimension minecraft:the_nether
[13:37:14] [Server thread/INFO]: Time elapsed: 171 ms
[13:37:14] [Server thread/INFO]: Preparing start region for dimension minecraft:the_end
[13:37:14] [Server thread/INFO]: Time elapsed: 200 ms
[13:37:14] [Server thread/INFO]: [MythicMobs] Enabling MythicMobs v5.7.2-${CI_COMMIT_SHORT_SHA}
[13:37:15] [Server thread/INFO]: [MythicMobs] Loading MythicMobs for Paper (MC: 1.20.4)...
[13:37:15] [Server thread/INFO]: [MythicMobs] The server is running Paper; enabled Paper exclusive functionality
[13:37:23] [Server thread/INFO]: [MythicMobs] Base directory /workspaces/PeuebaPlugins/servidor_minecraft/plugins/MythicMobs/data
[13:37:23] [Server thread/INFO]: [MythicMobs] Module directory /workspaces/PeuebaPlugins/servidor_minecraft/plugins/MythicMobs/data/worlds
[13:37:30] [Server thread/INFO]: [MythicMobs] Loading Packs...
[13:37:31] [Server thread/INFO]: [MythicMobs] Loading Items...
[13:37:31] [Server thread/INFO]: [MythicMobs] Loading Item Groups...
[13:37:31] [Server thread/INFO]: [MythicMobs] Loading Skills...
[13:37:33] [Server thread/INFO]: [MythicMobs] Loading Drop Tables...
[13:37:33] [Server thread/INFO]: [MythicMobs] Loading Random Spawns...
[13:37:33] [Server thread/INFO]: [MythicMobs] Loading Spawn Blocks...
[13:37:33] [Server thread/INFO]: [MythicMobs] ✓ Loaded 8 mobs.
[13:37:33] [Server thread/INFO]: [MythicMobs] ✓ Loaded 3 vanilla mob overrides.
[13:37:33] [Server thread/INFO]: [MythicMobs] ✓ Loaded 0 mob stacks.
[13:37:33] [Server thread/INFO]: [MythicMobs] ✓ Loaded 70 skills.
[13:37:33] [Server thread/INFO]: [MythicMobs] ✓ Loaded 0 random spawns.
[13:37:33] [Server thread/INFO]: [MythicMobs] ✓ Loaded 3 mythic items.
[13:37:33] [Server thread/INFO]: [MythicMobs] ✓ Loaded 2 drop tables.
[13:37:33] [Server thread/INFO]: [MythicMobs] ✓ Loaded 0 mob spawners.
[13:37:33] [Server thread/INFO]: [MythicMobs] MythicMobs configuration file loaded successfully.
[13:37:33] [Server thread/INFO]: [MythicMobs] Started up bStats Metrics
[13:37:33] [Server thread/INFO]: [MythicMobs] ✓ MythicMobs v5.7.2 ( build ${CI_COMMIT_SHORT_SHA} ) has been successfully loaded!
[13:37:35] [Server thread/INFO]: [MythicMobs] Model Engine Compatibility Loaded.
[13:37:35] [Server thread/INFO]: [ModelEngine] [S] Compatibility applied: MythicMobs
[13:37:36] [Server thread/INFO]: Running delayed init tasks
[13:37:36] [Server thread/INFO]: Done (33.985s)! For help, type "help"
[13:37:36] [Craft Scheduler Thread - 5 - ModelEngine/INFO]: [ModelEngine] [A] 
[13:37:36] [Craft Scheduler Thread - 5 - ModelEngine/INFO]: [ModelEngine] [A] [Importing models]
[13:37:36] [Server thread/INFO]: Timings Reset
[13:37:36] [Craft Scheduler Thread - 5 - ModelEngine/INFO]: [ModelEngine] [A] 
[13:37:36] [Craft Scheduler Thread - 5 - ModelEngine/INFO]: [ModelEngine] [A] Importing CatapultaSomarfinal.bbmodel.
[13:37:36] [Craft Scheduler Thread - 5 - ModelEngine/WARN]: [ModelEngine] [A] --Warning: The cube cube in bone palobrazo has illegal rotations. Cube rotation can only be -45, -22.5, 0, 22.5 and 45. [ 1.9301446495235096E-14 ]
[13:37:36] [Craft Scheduler Thread - 5 - ModelEngine/WARN]: [ModelEngine] [A] --Warning: The cube cube in bone prensastroncosgiratorios_ruedastraseras has illegal rotations. Cube rotation can only be -45, -22.5, 0, 22.5 and 45. [ 8.301247601642803E-13 ]
[13:37:36] [Craft Scheduler Thread - 5 - ModelEngine/WARN]: [ModelEngine] [A] --Warning: The cube cube in bone prensastroncosgiratorios_ruedastraseras has illegal rotations. Cube rotation can only be -45, -22.5, 0, 22.5 and 45. [ 8.301247601642803E-13 ]
[13:37:36] [Craft Scheduler Thread - 5 - ModelEngine/WARN]: [ModelEngine] [A] --Warning: The cube cube in bone prensastroncosgiratorios_ruedastraseras has illegal rotations. Cube rotation can only be -45, -22.5, 0, 22.5 and 45. [ 8.301247601642803E-13 ]
[13:37:36] [Craft Scheduler Thread - 5 - ModelEngine/WARN]: [ModelEngine] [A] --Warning: The cube cube in bone prensastroncosgiratorios_ruedasdelanteras has illegal rotations. Cube rotation can only be -45, -22.5, 0, 22.5 and 45. [ 8.301247601642803E-13 ]
[13:37:36] [Craft Scheduler Thread - 5 - ModelEngine/WARN]: [ModelEngine] [A] --Warning: The cube cube in bone prensastroncosgiratorios_ruedasdelanteras has illegal rotations. Cube rotation can only be -45, -22.5, 0, 22.5 and 45. [ 8.301247601642803E-13 ]
[13:37:36] [Craft Scheduler Thread - 5 - ModelEngine/WARN]: [ModelEngine] [A] --Warning: The cube cube in bone arreglocuchara has illegal rotations. Cube rotation can only be -45, -22.5, 0, 22.5 and 45. [ 8.638071642252509E-15 ]
[13:37:36] [Craft Scheduler Thread - 5 - ModelEngine/WARN]: [ModelEngine] [A] --Warning: The cube cube in bone arreglocuchara has illegal rotations. Cube rotation can only be -45, -22.5, 0, 22.5 and 45. [ 8.638071642252509E-15 ]
[13:37:36] [Craft Scheduler Thread - 5 - ModelEngine/WARN]: [ModelEngine] [A] --Warning: The cube cube in bone arreglocuchara has illegal rotations. Cube rotation can only be -45, -22.5, 0, 22.5 and 45. [ -5.182842985351505E-15 ]
[13:37:36] [Craft Scheduler Thread - 5 - ModelEngine/WARN]: [ModelEngine] [A] --Warning: The cube cube in bone arreglocuchara has illegal rotations. Cube rotation can only be -45, -22.5, 0, 22.5 and 45. [ 8.638071642252509E-15 ]
[13:37:36] [Craft Scheduler Thread - 5 - ModelEngine/WARN]: [ModelEngine] [A] --Warning: The cube cube in bone arreglocuchara has illegal rotations. Cube rotation can only be -45, -22.5, 0, 22.5 and 45. [ 8.638071642252509E-15 ]
[13:37:36] [Craft Scheduler Thread - 5 - ModelEngine/WARN]: [ModelEngine] [A] --Warning: The cube cube in bone arreglocuchara has illegal rotations. Cube rotation can only be -45, -22.5, 0, 22.5 and 45. [ 8.638071642252509E-15 ]
[13:37:36] [Craft Scheduler Thread - 5 - ModelEngine/WARN]: [ModelEngine] [A] --Warning: The cube cube in bone pedazostroncosdiag has illegal rotations. Cube rotation can only be -45, -22.5, 0, 22.5 and 45. [ 1.3044152888906646E-13 ]
[13:37:36] [Craft Scheduler Thread - 5 - ModelEngine/WARN]: [ModelEngine] [A] --Warning: The cube cube in bone pedazostroncosdiag has illegal rotations. Cube rotation can only be -45, -22.5, 0, 22.5 and 45. [ -2.2489917371991408E-14 ]
[13:37:36] [Craft Scheduler Thread - 5 - ModelEngine/WARN]: [ModelEngine] [A] --Warning: The cube cube in bone traseros has illegal rotations. Cube rotation can only be -45, -22.5, 0, 22.5 and 45. [ 1.3044152888906646E-13 ]
[13:37:36] [Craft Scheduler Thread - 5 - ModelEngine/WARN]: [ModelEngine] [A] --Warning: The cube cube in bone traseros has illegal rotations. Cube rotation can only be -45, -22.5, 0, 22.5 and 45. [ -2.2489917371991408E-14 ]
[13:37:36] [Craft Scheduler Thread - 5 - ModelEngine/WARN]: [ModelEngine] [A] --Warning: The cube cube in bone tablones has illegal rotations. Cube rotation can only be -45, -22.5, 0, 22.5 and 45. [ 8.301247601642803E-13 ]
[13:37:36] [Craft Scheduler Thread - 5 - ModelEngine/WARN]: [ModelEngine] [A] --Warning: The cube cube in bone tablones has illegal rotations. Cube rotation can only be -45, -22.5, 0, 22.5 and 45. [ 8.301247601642803E-13 ]
[13:37:36] [Craft Scheduler Thread - 5 - ModelEngine/WARN]: [ModelEngine] [A] --Warning: The cube cube in bone tablones has illegal rotations. Cube rotation can only be -45, -22.5, 0, 22.5 and 45. [ 8.301247601642803E-13 ]
[13:37:36] [Craft Scheduler Thread - 5 - ModelEngine/WARN]: [ModelEngine] [A] --Warning: The cube cube in bone tablones has illegal rotations. Cube rotation can only be -45, -22.5, 0, 22.5 and 45. [ 8.301247601642803E-13 ]
[13:37:36] [Craft Scheduler Thread - 5 - ModelEngine/WARN]: [ModelEngine] [A] --Warning: The cube cube in bone tablones has illegal rotations. Cube rotation can only be -45, -22.5, 0, 22.5 and 45. [ 8.301247601642803E-13 ]
[13:37:36] [Craft Scheduler Thread - 5 - ModelEngine/WARN]: [ModelEngine] [A] --Warning: The cube cube in bone tablones has illegal rotations. Cube rotation can only be -45, -22.5, 0, 22.5 and 45. [ 8.301247601642803E-13 ]
[13:37:36] [Craft Scheduler Thread - 5 - ModelEngine/WARN]: [ModelEngine] [A] --Warning: The cube cube in bone tablones has illegal rotations. Cube rotation can only be -45, -22.5, 0, 22.5 and 45. [ 8.301247601642803E-13 ]
[13:37:36] [Craft Scheduler Thread - 5 - ModelEngine/WARN]: [ModelEngine] [A] --Warning: The cube Redstone3 in bone redstone3_ap has illegal rotations. Cube rotation can only be -45, -22.5, 0, 22.5 and 45. [ 8.301247601642803E-13 ]
[13:37:36] [Craft Scheduler Thread - 5 - ModelEngine/WARN]: [ModelEngine] [A] --Warning: The cube Redstone4 in bone redstone4_ap has illegal rotations. Cube rotation can only be -45, -22.5, 0, 22.5 and 45. [ 8.301247601642803E-13 ]
[13:37:36] [Craft Scheduler Thread - 5 - ModelEngine/WARN]: [ModelEngine] [A] --Warning: The cube Redstone2 in bone redstone2_ap has illegal rotations. Cube rotation can only be -45, -22.5, 0, 22.5 and 45. [ 8.301247601642803E-13 ]
[13:37:36] [Craft Scheduler Thread - 5 - ModelEngine/WARN]: [ModelEngine] [A] --Warning: The cube Redstone1 in bone redstone1_ap has illegal rotations. Cube rotation can only be -45, -22.5, 0, 22.5 and 45. [ 8.301247601642803E-13 ]
[13:37:36] [Craft Scheduler Thread - 5 - ModelEngine/WARN]: [ModelEngine] [A] --Warning: The cube Redstone2 in bone redstone2_enc has illegal rotations. Cube rotation can only be -45, -22.5, 0, 22.5 and 45. [ 8.301247601642803E-13 ]
[13:37:36] [Craft Scheduler Thread - 5 - ModelEngine/WARN]: [ModelEngine] [A] --Warning: The cube Redstone3 in bone redstone3_enc has illegal rotations. Cube rotation can only be -45, -22.5, 0, 22.5 and 45. [ 8.301247601642803E-13 ]
[13:37:36] [Craft Scheduler Thread - 5 - ModelEngine/WARN]: [ModelEngine] [A] --Warning: The cube Redstone1 in bone redstone1_enc has illegal rotations. Cube rotation can only be -45, -22.5, 0, 22.5 and 45. [ 8.301247601642803E-13 ]
[13:37:36] [Craft Scheduler Thread - 5 - ModelEngine/WARN]: [ModelEngine] [A] --Warning: The cube Redstone4 in bone redstone4_enc has illegal rotations. Cube rotation can only be -45, -22.5, 0, 22.5 and 45. [ 8.301247601642803E-13 ]
[13:37:36] [Craft Scheduler Thread - 5 - ModelEngine/INFO]: [ModelEngine] [A] 
[13:37:36] [Craft Scheduler Thread - 5 - ModelEngine/INFO]: [ModelEngine] [A] Importing EnemigoSomar.bbmodel.
[13:37:37] [Craft Scheduler Thread - 5 - ModelEngine/WARN]: [ModelEngine] [A] ------Unknown keyframe data: query.target_x_rotation
[13:37:37] [Craft Scheduler Thread - 5 - ModelEngine/WARN]: [ModelEngine] [A] ------Unknown keyframe data: query.target_y_rotation
[13:37:37] [Craft Scheduler Thread - 5 - ModelEngine/WARN]: [ModelEngine] [A] --Warning: The cube cube in bone auxblock has illegal rotations. Cube rotation can only be -45, -22.5, 0, 22.5 and 45. [ 8.301247601642803E-13 ]
[13:37:37] [Craft Scheduler Thread - 5 - ModelEngine/INFO]: [ModelEngine] [A] 
[13:37:37] [Craft Scheduler Thread - 5 - ModelEngine/INFO]: [ModelEngine] [A] Importing SomarSoldier.bbmodel.
[13:37:37] [Craft Scheduler Thread - 5 - ModelEngine/WARN]: [ModelEngine] [A] ------Unknown keyframe data: query.target_x_rotation
[13:37:37] [Craft Scheduler Thread - 5 - ModelEngine/WARN]: [ModelEngine] [A] ------Unknown keyframe data: query.target_y_rotation
[13:37:37] [Craft Scheduler Thread - 5 - ModelEngine/WARN]: [ModelEngine] [A] --Warning: The cube cube in bone auxblock has illegal rotations. Cube rotation can only be -45, -22.5, 0, 22.5 and 45. [ 8.301247601642803E-13 ]
[13:37:39] [Server thread/WARN]: Can't keep up! Is the server overloaded? Running 2663ms or 53 ticks behind
[13:37:44] [Craft Scheduler Thread - 5 - ModelEngine/INFO]: [ModelEngine] [A] 
[13:37:44] [Craft Scheduler Thread - 5 - ModelEngine/INFO]: [ModelEngine] [A] Resource pack zipped.
[13:38:45] [User Authenticator #0/INFO]: UUID of player CJML5067 is 05d89580-8d76-339c-aefb-9e7196b6ba3c
[13:38:48] [Server thread/INFO]: CJML5067 joined the game
[13:38:48] [Server thread/INFO]: CJML5067[/127.150.122.140:38195] logged in with entity id 307 at ([world]-348.8230398262968, 69.39717850099304, 510.40569208889605)
[13:39:02] [Server thread/INFO]: CJML5067 issued server command: /kill @e[type=!player]
[13:39:02] [Server thread/INFO]: Named entity EntityGiantZombie['Catapulta Somar'/65, uuid='af9d276e-4d74-4a03-9033-ea7a483ebc2f', l='ServerLevel[world]', x=-337.61, y=62.00, z=515.83, cpos=[-22, 32], tl=2086, v=true] died: Catapulta Somar was killed
[13:39:02] [Server thread/INFO]: Named entity EntityZombie['Soldado Somar'/229, uuid='b9d63e1d-8106-4229-bc82-1c3d8bd63a3d', l='ServerLevel[world]', x=-327.30, y=62.00, z=519.44, cpos=[-21, 32], tl=2182, v=true] died: Soldado Somar was killed
[13:39:02] [Server thread/INFO]: Named entity EntityZombie['Soldado Somar'/208, uuid='41c62746-7ba0-41cf-a5d9-106b0f237d6b', l='ServerLevel[world]', x=-328.80, y=62.00, z=513.26, cpos=[-21, 32], tl=2182, v=true] died: Soldado Somar was killed
[13:39:02] [Server thread/INFO]: Named entity EntityZombie['Soldado Somar'/66, uuid='fbbbdd79-da31-4004-9a48-72cdeb3d5f90', l='ServerLevel[world]', x=-337.58, y=69.52, z=513.58, cpos=[-22, 32], tl=2182, v=true] died: Soldado Somar was killed
[13:39:02] [Server thread/INFO]: [CJML5067: Killed 137 entities]
[13:39:04] [Server thread/INFO]: CJML5067 issued server command: /kill @e[type=!player]
[13:39:04] [Server thread/INFO]: [CJML5067: Killed 182 entities]
[13:39:13] [Server thread/INFO]: CJML5067 issued server command: /mm m s SomarCatapult
[13:39:18] [Server thread/INFO]: CJML5067 issued server command: /mm m s SomarSoldier 3
[13:40:08] [Server thread/INFO]: CJML5067 issued server command: /kill @e[type=!player]
[13:40:08] [Server thread/INFO]: Named entity EntityZombie['Soldado Somar'/891, uuid='b953597c-748b-43a3-889c-9c17043c04b8', l='ServerLevel[world]', x=-346.58, y=62.00, z=537.00, cpos=[-22, 33], tl=1004, v=true] died: Soldado Somar was killed
[13:40:08] [Server thread/INFO]: Named entity EntityZombie['Soldado Somar'/872, uuid='59bc69d6-ef81-49fe-9601-fab883f0eb26', l='ServerLevel[world]', x=-333.90, y=69.52, z=535.66, cpos=[-21, 33], tl=1004, v=true] died: Soldado Somar was killed
[13:40:08] [Server thread/INFO]: Named entity EntityZombie['Soldado Somar'/892, uuid='3e7059b4-cd57-4a24-9261-2ace97503c4e', l='ServerLevel[world]', x=-320.01, y=65.00, z=527.80, cpos=[-21, 32], tl=1004, v=true] died: Soldado Somar was killed
[13:40:08] [Server thread/INFO]: Named entity EntityGiantZombie['Catapulta Somar'/754, uuid='be241651-9e92-43e9-9caf-bf426c6a632f', l='ServerLevel[world]', x=-333.84, y=62.00, z=533.41, cpos=[-21, 33], tl=1100, v=true] died: Catapulta Somar was killed
[13:40:08] [Server thread/INFO]: [CJML5067: Killed 165 entities]
[13:40:09] [Server thread/INFO]: CJML5067 issued server command: /kill @e[type=!player]
[13:40:09] [Server thread/INFO]: [CJML5067: Killed 85 entities]
[13:40:16] [Server thread/INFO]: CJML5067 issued server command: /mm m s SomarCatapult
[13:40:21] [Server thread/INFO]: CJML5067 issued server command: /mm m s SomarSoldier 3
[13:40:56] [Server thread/INFO]: CJML5067 issued server command: /kill @e[type=!player]
[13:40:56] [Server thread/INFO]: Named entity EntityZombie['Soldado Somar'/1406, uuid='65aa9c28-adf0-4bfa-a717-506987778846', l='ServerLevel[world]', x=-340.51, y=62.00, z=533.86, cpos=[-22, 33], tl=701, v=true] died: Soldado Somar was killed
[13:40:56] [Server thread/INFO]: Named entity EntityZombie['Soldado Somar'/1408, uuid='4a348071-60ba-4e5b-8ae7-04bf70699cf9', l='ServerLevel[world]', x=-341.54, y=62.00, z=516.35, cpos=[-22, 32], tl=701, v=true] died: Soldado Somar was killed
[13:40:56] [Server thread/INFO]: Named entity EntityGiantZombie['Catapulta Somar'/1292, uuid='d36d95b5-41b5-4b50-95d9-3e36ae73b434', l='ServerLevel[world]', x=-344.16, y=62.00, z=533.92, cpos=[-22, 33], tl=811, v=true] died: Catapulta Somar was killed
[13:40:56] [Server thread/INFO]: Named entity EntityZombie['Soldado Somar'/1407, uuid='4e9864ee-bc94-4180-8ff8-f3aaebf5098c', l='ServerLevel[world]', x=-322.32, y=65.00, z=519.99, cpos=[-21, 32], tl=701, v=true] died: Soldado Somar was killed
[13:40:56] [Server thread/INFO]: [CJML5067: Killed 134 entities]
[13:40:58] [Server thread/INFO]: CJML5067 issued server command: /kill @e[type=!player]
[13:40:58] [Server thread/INFO]: [CJML5067: Killed 166 entities]
[13:41:04] [Server thread/INFO]: CJML5067 issued server command: /mm m s SomarCatapult
[13:41:10] [Server thread/INFO]: CJML5067 issued server command: /mm m s SomarSoldier 3
[13:42:38] [Server thread/INFO]: [Mythic] Reloading plugin...
[13:42:38] [Server thread/INFO]: [MythicMobs] Saving plugin data...
[13:42:38] [Server thread/INFO]: [MythicMobs] ✓Saving Finished
[13:42:38] [Server thread/INFO]: [MythicMobs] Loading Packs...
[13:42:38] [Server thread/INFO]: [MythicMobs] Loading Items...
[13:42:38] [Server thread/INFO]: [MythicMobs] Loading Item Groups...
[13:42:38] [Server thread/INFO]: [MythicMobs] Loading Skills...
[13:42:38] [Server thread/INFO]: [MythicMobs] Loading Drop Tables...
[13:42:38] [Server thread/INFO]: [MythicMobs] Loading Random Spawns...
[13:42:38] [Server thread/INFO]: [MythicMobs] Loading Spawn Blocks...
[13:42:38] [Server thread/INFO]: [MythicMobs] ✓ Loaded 8 mobs.
[13:42:38] [Server thread/INFO]: [MythicMobs] ✓ Loaded 3 vanilla mob overrides.
[13:42:38] [Server thread/INFO]: [MythicMobs] ✓ Loaded 0 mob stacks.
[13:42:38] [Server thread/INFO]: [MythicMobs] ✓ Loaded 70 skills.
[13:42:38] [Server thread/INFO]: [MythicMobs] ✓ Loaded 0 random spawns.
[13:42:38] [Server thread/INFO]: [MythicMobs] ✓ Loaded 3 mythic items.
[13:42:38] [Server thread/INFO]: [MythicMobs] ✓ Loaded 2 drop tables.
[13:42:38] [Server thread/INFO]: [MythicMobs] ✓ Loaded 0 mob spawners.
[13:42:38] [Server thread/INFO]: [Mythic] Mythic has finished reloading!
[13:42:38] [Server thread/INFO]: [MythicMobs] Mythic has finished reloading!
[13:42:42] [Server thread/WARN]: Can't keep up! Is the server overloaded? Running 2632ms or 52 ticks behind
[13:42:44] [Server thread/INFO]: CJML5067 issued server command: /kill @e[type=!player]
[13:42:44] [Server thread/INFO]: Named entity EntityZombie['Soldado Somar'/2116, uuid='108526bd-3d78-4408-b6c1-ea20a135eb98', l='ServerLevel[world]', x=-338.16, y=62.00, z=525.73, cpos=[-22, 32], tl=1791, v=true] died: Soldado Somar was killed
[13:42:44] [Server thread/INFO]: Named entity EntityZombie['Soldado Somar'/2135, uuid='7c8d72cd-b694-4f02-927b-d2a8eb3f76ee', l='ServerLevel[world]', x=-304.25, y=69.00, z=480.73, cpos=[-20, 30], tl=1791, v=true] died: Soldado Somar was killed
[13:42:44] [Server thread/INFO]: Named entity EntityGiantZombie['Catapulta Somar'/1962, uuid='095fdabe-54a1-4a85-b81b-47e74d38d9e7', l='ServerLevel[world]', x=-336.43, y=62.00, z=522.06, cpos=[-22, 32], tl=1914, v=true] died: Catapulta Somar was killed
[13:42:44] [Server thread/INFO]: Named entity EntityZombie['Soldado Somar'/2097, uuid='e41ed5de-6b50-47a5-80ef-9deadd847908', l='ServerLevel[world]', x=-336.16, y=69.52, z=519.97, cpos=[-22, 32], tl=1791, v=true] died: Soldado Somar was killed
[13:42:44] [Server thread/INFO]: [CJML5067: Killed 163 entities]
[13:42:46] [Server thread/INFO]: CJML5067 issued server command: /kill @e[type=!player]
[13:42:46] [Server thread/INFO]: [CJML5067: Killed 189 entities]
[13:42:50] [Server thread/INFO]: CJML5067 issued server command: /mm m s SomarCatapult
[13:42:58] [Server thread/INFO]: CJML5067 issued server command: /mm m s SomarSoldier 3
[13:43:26] [Server thread/INFO]: CJML5067 issued server command: /kill @e[type=!player]
[13:43:26] [Server thread/INFO]: Named entity EntityGiantZombie['Catapulta Somar'/2792, uuid='ba286a12-2db9-45f2-8807-1f302e54153a', l='ServerLevel[world]', x=-336.93, y=62.00, z=524.01, cpos=[-22, 32], tl=717, v=true] died: Catapulta Somar was killed
[13:43:26] [Server thread/INFO]: Named entity EntityZombie['Soldado Somar'/2922, uuid='2d5a3eed-c816-4148-a0e7-9df15e15faaf', l='ServerLevel[world]', x=-328.00, y=62.00, z=508.04, cpos=[-21, 31], tl=555, v=true] died: Soldado Somar was killed
[13:43:26] [Server thread/INFO]: Named entity EntityZombie['Soldado Somar'/2960, uuid='b9ffb819-eeae-427b-ab94-23dda9f8cf9f', l='ServerLevel[world]', x=-346.25, y=62.00, z=500.72, cpos=[-22, 31], tl=555, v=true] died: Soldado Somar was killed while fighting CJML5067
[13:43:26] [Server thread/INFO]: Named entity EntityZombie['Soldado Somar'/2923, uuid='2a77ca21-da12-4871-b19c-4b770437ea89', l='ServerLevel[world]', x=-326.01, y=68.00, z=515.21, cpos=[-21, 32], tl=555, v=true] died: Soldado Somar was killed
[13:43:26] [Server thread/INFO]: [CJML5067: Killed 154 entities]
[13:43:27] [Server thread/INFO]: CJML5067 issued server command: /kill @e[type=!player]
[13:43:27] [Server thread/INFO]: [CJML5067: Killed 78 entities]
[13:43:32] [Server thread/INFO]: CJML5067 issued server command: /mm m s SomarCatapult
[13:43:37] [Server thread/INFO]: CJML5067 issued server command: /mm m s SomarSoldier 3
[13:43:51] [Server thread/INFO]: CJML5067 issued server command: /kill @e[type=!player]
[13:43:51] [Server thread/INFO]: Named entity EntityZombie['Soldado Somar'/3415, uuid='7fc43425-205f-414b-8ad9-3e24c2fdd15d', l='ServerLevel[world]', x=-341.19, y=62.00, z=515.22, cpos=[-22, 32], tl=274, v=true] died: Soldado Somar was killed
[13:43:51] [Server thread/INFO]: Named entity EntityZombie['Soldado Somar'/3396, uuid='76c3f173-f9de-406b-be69-8a4c4347b5fe', l='ServerLevel[world]', x=-339.96, y=62.00, z=515.22, cpos=[-22, 32], tl=274, v=true] died: Soldado Somar was killed
[13:43:51] [Server thread/INFO]: Named entity EntityZombie['Soldado Somar'/3377, uuid='a20f2532-7b44-48fb-a604-e71b45048d56', l='ServerLevel[world]', x=-336.72, y=69.52, z=513.68, cpos=[-22, 32], tl=274, v=true] died: Soldado Somar was killed
[13:43:51] [Server thread/INFO]: Named entity EntityGiantZombie['Catapulta Somar'/3274, uuid='c2150240-408d-41fb-8364-1ce49825bfca', l='ServerLevel[world]', x=-336.74, y=62.00, z=511.43, cpos=[-22, 31], tl=392, v=true] died: Catapulta Somar was killed
[13:43:51] [Server thread/INFO]: [CJML5067: Killed 114 entities]
[13:43:52] [Server thread/INFO]: CJML5067 issued server command: /kill @e[type=!player]
[13:43:52] [Server thread/INFO]: [CJML5067: Killed 86 entities]
[13:43:56] [Server thread/INFO]: CJML5067 issued server command: /kill @e[type=!player]
[13:43:56] [Server thread/INFO]: [CJML5067: Killed 110 entities]
[13:43:58] [Server thread/INFO]: CJML5067 issued server command: /mm m s SomarCatapult
[13:44:05] [Server thread/INFO]: CJML5067 issued server command: /mm m s SomarSoldier 3
[13:45:12] [Server thread/INFO]: [Mythic] Reloading plugin...
[13:45:12] [Server thread/INFO]: [MythicMobs] Saving plugin data...
[13:45:12] [Server thread/INFO]: [MythicMobs] ✓Saving Finished
[13:45:12] [Server thread/INFO]: [MythicMobs] Loading Packs...
[13:45:13] [Server thread/INFO]: [MythicMobs] Loading Items...
[13:45:13] [Server thread/INFO]: [MythicMobs] Loading Item Groups...
[13:45:13] [Server thread/INFO]: [MythicMobs] Loading Skills...
[13:45:13] [Server thread/INFO]: [MythicMobs] Loading Drop Tables...
[13:45:13] [Server thread/INFO]: [MythicMobs] Loading Random Spawns...
[13:45:13] [Server thread/INFO]: [MythicMobs] Loading Spawn Blocks...
[13:45:13] [Server thread/INFO]: [MythicMobs] ✓ Loaded 8 mobs.
[13:45:13] [Server thread/INFO]: [MythicMobs] ✓ Loaded 3 vanilla mob overrides.
[13:45:13] [Server thread/INFO]: [MythicMobs] ✓ Loaded 0 mob stacks.
[13:45:13] [Server thread/INFO]: [MythicMobs] ✓ Loaded 70 skills.
[13:45:13] [Server thread/INFO]: [MythicMobs] ✓ Loaded 0 random spawns.
[13:45:13] [Server thread/INFO]: [MythicMobs] ✓ Loaded 3 mythic items.
[13:45:13] [Server thread/INFO]: [MythicMobs] ✓ Loaded 2 drop tables.
[13:45:13] [Server thread/INFO]: [MythicMobs] ✓ Loaded 0 mob spawners.
[13:45:13] [Server thread/INFO]: [Mythic] Mythic has finished reloading!
[13:45:13] [Server thread/INFO]: [MythicMobs] Mythic has finished reloading!
[13:45:25] [Server thread/INFO]: CJML5067 issued server command: /kill @e[type=!player]
[13:45:25] [Server thread/INFO]: Named entity EntityZombie['Soldado Somar'/4062, uuid='ba0c1cc9-227d-4c7a-8e57-395cc9c78f04', l='ServerLevel[world]', x=-327.41, y=63.00, z=521.04, cpos=[-21, 32], tl=1599, v=true] died: Soldado Somar was killed
[13:45:25] [Server thread/INFO]: Named entity EntityZombie['Soldado Somar'/4042, uuid='c6ccd775-34ac-49e9-8e06-d16881809ec0', l='ServerLevel[world]', x=-336.08, y=69.52, z=514.90, cpos=[-22, 32], tl=1599, v=true] died: Soldado Somar was killed
[13:45:25] [Server thread/INFO]: Named entity EntityZombie['Soldado Somar'/4043, uuid='b854ae6c-b8c7-40dd-8c46-29e33cd40a97', l='ServerLevel[world]', x=-325.00, y=67.00, z=516.42, cpos=[-21, 32], tl=1599, v=true] died: Soldado Somar was killed
[13:45:25] [Server thread/INFO]: Named entity EntityGiantZombie['Catapulta Somar'/3854, uuid='da857a2c-7eb6-4d15-8ac8-39854ae6b404', l='ServerLevel[world]', x=-336.30, y=62.00, z=517.13, cpos=[-22, 32], tl=1742, v=true] died: Catapulta Somar was killed
[13:45:25] [Server thread/INFO]: [CJML5067: Killed 197 entities]
[13:45:27] [Server thread/INFO]: CJML5067 issued server command: /kill @e[type=!player]
[13:45:27] [Server thread/INFO]: [CJML5067: Killed 122 entities]
[13:45:31] [Server thread/INFO]: CJML5067 lost connection: Disconnected
[13:45:31] [Server thread/INFO]: CJML5067 left the game
[13:45:34] [Server thread/INFO]: Stopping the server
[13:45:34] [Server thread/INFO]: Stopping server
[13:45:34] [Server thread/INFO]: [ModelEngine] Disabling ModelEngine vR4.0.7
[13:45:34] [Server thread/INFO]: [MythicMobs] Disabling MythicMobs v5.7.2-${CI_COMMIT_SHORT_SHA}
[13:45:34] [Server thread/INFO]: [MythicMobs] ------------------------------------------------------------
[13:45:34] [Server thread/INFO]: [MythicMobs] - 
[13:45:34] [Server thread/INFO]: [MythicMobs] - Unloading Mythic...
[13:45:34] [Server thread/INFO]: [MythicMobs] - 
[13:45:34] [Server thread/INFO]: [MythicMobs] ------------------------------------------------------------
[13:45:34] [Server thread/INFO]: [MythicMobs] - Spawners saved and unloaded...
[13:45:34] [Server thread/INFO]: [MythicMobs] - Mobs saved and unloaded...
[13:45:34] [Server thread/INFO]: [MythicMobs] Saving plugin data...
[13:45:34] [Server thread/INFO]: [MythicMobs] ✓Saving Finished
[13:45:34] [Server thread/INFO]: [MythicMobs] - Variables saved...
[13:45:34] [Server thread/INFO]: [MythicMobs] - All active settings have been saved!
[13:45:34] [Server thread/INFO]: [MythicMobs] - Mythic has been unloaded!
[13:45:34] [Server thread/INFO]: [MythicMobs] ------------------------------------------------------------
[13:45:34] [Server thread/INFO]: [MythicMobs] Saving plugin data...
[13:45:34] [Server thread/INFO]: [MythicMobs] ✓Saving Finished
[13:45:34] [Server thread/INFO]: Saving players
[13:45:34] [Server thread/INFO]: Saving worlds
[13:45:34] [Server thread/INFO]: Saving chunks for level 'ServerLevel[world]'/minecraft:overworld
[13:45:34] [Server thread/INFO]: [ChunkHolderManager] Waiting 60s for chunk system to halt for world 'world'
[13:45:34] [Server thread/INFO]: [ChunkHolderManager] Halted chunk system for world 'world'
[13:45:34] [Server thread/INFO]: [ChunkHolderManager] Saving all chunkholders for world 'world'
[13:45:34] [Server thread/INFO]: [ChunkHolderManager] Saved 40 block chunks, 146 entity chunks, 0 poi chunks in world 'world' in 0.18s
[13:45:34] [Server thread/INFO]: ThreadedAnvilChunkStorage (world): All chunks are saved
[13:45:34] [Server thread/INFO]: Saving chunks for level 'ServerLevel[world_nether]'/minecraft:the_nether
[13:45:34] [Server thread/INFO]: [ChunkHolderManager] Waiting 60s for chunk system to halt for world 'world_nether'
[13:45:34] [Server thread/INFO]: [ChunkHolderManager] Halted chunk system for world 'world_nether'
[13:45:34] [Server thread/INFO]: [ChunkHolderManager] Saving all chunkholders for world 'world_nether'
[13:45:34] [Server thread/INFO]: [ChunkHolderManager] Saved 0 block chunks, 6 entity chunks, 0 poi chunks in world 'world_nether' in 0.02s
[13:45:34] [Server thread/INFO]: ThreadedAnvilChunkStorage (DIM-1): All chunks are saved
[13:45:34] [Server thread/INFO]: Saving chunks for level 'ServerLevel[world_the_end]'/minecraft:the_end
[13:45:34] [Server thread/INFO]: [ChunkHolderManager] Waiting 60s for chunk system to halt for world 'world_the_end'
[13:45:34] [Server thread/INFO]: [ChunkHolderManager] Halted chunk system for world 'world_the_end'
[13:45:34] [Server thread/INFO]: [ChunkHolderManager] Saving all chunkholders for world 'world_the_end'
[13:45:34] [Server thread/INFO]: [ChunkHolderManager] Saved 0 block chunks, 0 entity chunks, 0 poi chunks in world 'world_the_end' in 0.00s
[13:45:34] [Server thread/INFO]: ThreadedAnvilChunkStorage (DIM1): All chunks are saved
[13:45:34] [Server thread/INFO]: ThreadedAnvilChunkStorage: All dimensions are saved
[13:45:34] [Server thread/INFO]: Flushing Chunk IO
[13:45:34] [Server thread/INFO]: Closing Thread Pool
[13:45:34] [Server thread/INFO]: Closing Server
